<?xml version="1.0" encoding="UTF-8"?>
<!-- Generated by org.testng.reporters.JUnitReportReporter -->
<testsuite hostname="hp" failures="0" tests="3" name="com.medicare.AdminTest" time="24.308" errors="0" timestamp="03 Jun 2021 12:56:38 GMT" skipped="0">
  <testcase classname="com.medicare.AdminTest" name="loginLogout" time="8.500"/>
  <testcase classname="com.medicare.AdminTest" name="sortByPrice" time="8.986"/>
  <testcase classname="com.medicare.AdminTest" name="adminPage" time="6.822"/>
</testsuite> <!-- com.medicare.AdminTest -->
