<?xml version="1.0" encoding="UTF-8"?>
<!-- Generated by org.testng.reporters.JUnitReportReporter -->
<testsuite hostname="hp" failures="0" tests="2" name="com.medicare.testNG.TestNG" time="16.033" errors="0" timestamp="03 Jun 2021 05:45:54 GMT" skipped="0">
  <testcase classname="com.medicare.testNG.TestNG" name="chrome" time="7.419"/>
  <testcase classname="com.medicare.testNG.TestNG" name="edge" time="8.614"/>
</testsuite> <!-- com.medicare.testNG.TestNG -->
