<?xml version="1.0" encoding="UTF-8"?>
<!-- Generated by org.testng.reporters.JUnitReportReporter -->
<testsuite hostname="hp" failures="0" tests="1" name="com.medicare.testNG.TestNG" time="0.011" errors="0" timestamp="03 Jun 2021 05:31:48 GMT" skipped="0">
  <testcase classname="com.medicare.testNG.TestNG" name="first" time="0.011"/>
</testsuite> <!-- com.medicare.testNG.TestNG -->
