<?xml version="1.0" encoding="UTF-8"?>
<!-- Generated by org.testng.reporters.JUnitReportReporter -->
<testsuite hostname="hp" failures="0" tests="3" name="com.medicare.MedicareBackendApplicationTests" time="24.800" errors="0" timestamp="03 Jun 2021 12:56:38 GMT" skipped="0">
  <testcase classname="com.medicare.MedicareBackendApplicationTests" name="moveToOrders" time="9.417"/>
  <testcase classname="com.medicare.MedicareBackendApplicationTests" name="contextLoads" time="6.380"/>
  <testcase classname="com.medicare.MedicareBackendApplicationTests" name="moveToCart" time="9.003"/>
</testsuite> <!-- com.medicare.MedicareBackendApplicationTests -->
