<?xml version="1.0" encoding="UTF-8"?>
<!-- Generated by org.testng.reporters.JUnitReportReporter -->
<testsuite hostname="hp" failures="0" tests="3" name="com.medicare.AdminTest" time="31.339" errors="0" timestamp="06 Jun 2021 06:41:56 GMT" skipped="0">
  <testcase classname="com.medicare.AdminTest" name="loginLogout" time="9.798"/>
  <testcase classname="com.medicare.AdminTest" name="sortByPrice" time="12.089"/>
  <testcase classname="com.medicare.AdminTest" name="adminPage" time="9.452"/>
</testsuite> <!-- com.medicare.AdminTest -->
