<?xml version="1.0" encoding="UTF-8"?>
<!-- Generated by org.testng.reporters.JUnitReportReporter -->
<testsuite hostname="hp" failures="0" tests="3" name="com.medicare.MedicareBackendApplicationTests" time="35.218" errors="0" timestamp="06 Jun 2021 06:41:56 GMT" skipped="0">
  <testcase classname="com.medicare.MedicareBackendApplicationTests" name="moveToOrders" time="13.662"/>
  <testcase classname="com.medicare.MedicareBackendApplicationTests" name="contextLoads" time="8.187"/>
  <testcase classname="com.medicare.MedicareBackendApplicationTests" name="moveToCart" time="13.369"/>
</testsuite> <!-- com.medicare.MedicareBackendApplicationTests -->
